# JRE version: Java(TM) SE Runtime Environment (8.0_112-b15) (build 1.8.0_112-b15)
# Java VM: Java HotSpot(TM) 64-Bit Server VM (25.112-b15 mixed mode windows-amd64 compressed oops)
Heap:
 PSYoungGen      total 67072K, used 37610K [0x000000076ab00000, 0x0000000770100000, 0x00000007c0000000)
  eden space 53760K, 45% used [0x000000076ab00000,0x000000076c2bc428,0x000000076df80000)
  from space 13312K, 99% used [0x000000076ef80000,0x000000076fc7e4a8,0x000000076fc80000)
  to   space 16384K, 0% used [0x000000076df80000,0x000000076df80000,0x000000076ef80000)
 ParOldGen       total 79872K, used 25074K [0x00000006c0000000, 0x00000006c4e00000, 0x000000076ab00000)
  object space 79872K, 31% used [0x00000006c0000000,0x00000006c187ca70,0x00000006c4e00000)
 Metaspace       used 49135K, capacity 53484K, committed 53848K, reserved 1095680K
  class space    used 5979K, capacity 7388K, committed 7512K, reserved 1048576K
GC Heap History (10 events):
Event: 2.921 GC heap before
{Heap before GC invocations=6 (full 1):
 PSYoungGen      total 35328K, used 32768K [0x000000076ab00000, 0x000000076d000000, 0x00000007c0000000)
  eden space 32768K, 100% used [0x000000076ab00000,0x000000076cb00000,0x000000076cb00000)
  from space 2560K, 0% used [0x000000076cd80000,0x000000076cd80000,0x000000076d000000)
  to   space 2560K, 0% used [0x000000076cb00000,0x000000076cb00000,0x000000076cd80000)
 ParOldGen       total 51200K, used 15413K [0x00000006c0000000, 0x00000006c3200000, 0x000000076ab00000)
  object space 51200K, 30% used [0x00000006c0000000,0x00000006c0f0d728,0x00000006c3200000)
 Metaspace       used 29426K, capacity 32014K, committed 32128K, reserved 1077248K
  class space    used 3410K, capacity 4176K, committed 4224K, reserved 1048576K
Event: 2.931 GC heap after
Heap after GC invocations=6 (full 1):
 PSYoungGen      total 35328K, used 2528K [0x000000076ab00000, 0x000000076ee00000, 0x00000007c0000000)
  eden space 32768K, 0% used [0x000000076ab00000,0x000000076ab00000,0x000000076cb00000)
  from space 2560K, 98% used [0x000000076cb00000,0x000000076cd78010,0x000000076cd80000)
  to   space 13312K, 0% used [0x000000076e100000,0x000000076e100000,0x000000076ee00000)
 ParOldGen       total 51200K, used 25561K [0x00000006c0000000, 0x00000006c3200000, 0x000000076ab00000)
  object space 51200K, 49% used [0x00000006c0000000,0x00000006c18f6520,0x00000006c3200000)
 Metaspace       used 29426K, capacity 32014K, committed 32128K, reserved 1077248K
  class space    used 3410K, capacity 4176K, committed 4224K, reserved 1048576K
}
Event: 3.168 GC heap before
{Heap before GC invocations=7 (full 1):
 PSYoungGen      total 35328K, used 15170K [0x000000076ab00000, 0x000000076ee00000, 0x00000007c0000000)
  eden space 32768K, 38% used [0x000000076ab00000,0x000000076b758920,0x000000076cb00000)
  from space 2560K, 98% used [0x000000076cb00000,0x000000076cd78010,0x000000076cd80000)
  to   space 13312K, 0% used [0x000000076e100000,0x000000076e100000,0x000000076ee00000)
 ParOldGen       total 51200K, used 25561K [0x00000006c0000000, 0x00000006c3200000, 0x000000076ab00000)
  object space 51200K, 49% used [0x00000006c0000000,0x00000006c18f6520,0x00000006c3200000)
 Metaspace       used 32779K, capacity 35304K, committed 35416K, reserved 1079296K
  class space    used 3863K, capacity 4650K, committed 4696K, reserved 1048576K
Event: 3.183 GC heap after
Heap after GC invocations=7 (full 1):
 PSYoungGen      total 55296K, used 6356K [0x000000076ab00000, 0x000000076f300000, 0x00000007c0000000)
  eden space 41984K, 0% used [0x000000076ab00000,0x000000076ab00000,0x000000076d400000)
  from space 13312K, 47% used [0x000000076e100000,0x000000076e735068,0x000000076ee00000)
  to   space 13312K, 0% used [0x000000076d400000,0x000000076d400000,0x000000076e100000)
 ParOldGen       total 51200K, used 25569K [0x00000006c0000000, 0x00000006c3200000, 0x000000076ab00000)
  object space 51200K, 49% used [0x00000006c0000000,0x00000006c18f8520,0x00000006c3200000)
 Metaspace       used 32779K, capacity 35304K, committed 35416K, reserved 1079296K
  class space    used 3863K, capacity 4650K, committed 4696K, reserved 1048576K
}
Event: 3.183 GC heap before
{Heap before GC invocations=8 (full 2):
 PSYoungGen      total 55296K, used 6356K [0x000000076ab00000, 0x000000076f300000, 0x00000007c0000000)
  eden space 41984K, 0% used [0x000000076ab00000,0x000000076ab00000,0x000000076d400000)
  from space 13312K, 47% used [0x000000076e100000,0x000000076e735068,0x000000076ee00000)
  to   space 13312K, 0% used [0x000000076d400000,0x000000076d400000,0x000000076e100000)
 ParOldGen       total 51200K, used 25569K [0x00000006c0000000, 0x00000006c3200000, 0x000000076ab00000)
  object space 51200K, 49% used [0x00000006c0000000,0x00000006c18f8520,0x00000006c3200000)
 Metaspace       used 32779K, capacity 35304K, committed 35416K, reserved 1079296K
  class space    used 3863K, capacity 4650K, committed 4696K, reserved 1048576K
Event: 3.247 GC heap after
Heap after GC invocations=8 (full 2):
 PSYoungGen      total 55296K, used 0K [0x000000076ab00000, 0x000000076f300000, 0x00000007c0000000)
  eden space 41984K, 0% used [0x000000076ab00000,0x000000076ab00000,0x000000076d400000)
  from space 13312K, 0% used [0x000000076e100000,0x000000076e100000,0x000000076ee00000)
  to   space 13312K, 0% used [0x000000076d400000,0x000000076d400000,0x000000076e100000)
 ParOldGen       total 79872K, used 22058K [0x00000006c0000000, 0x00000006c4e00000, 0x000000076ab00000)
  object space 79872K, 27% used [0x00000006c0000000,0x00000006c158a9f8,0x00000006c4e00000)
 Metaspace       used 32779K, capacity 35304K, committed 35416K, reserved 1079296K
  class space    used 3863K, capacity 4650K, committed 4696K, reserved 1048576K
}
Event: 4.446 GC heap before
{Heap before GC invocations=9 (full 2):
 PSYoungGen      total 55296K, used 41984K [0x000000076ab00000, 0x000000076f300000, 0x00000007c0000000)
  eden space 41984K, 100% used [0x000000076ab00000,0x000000076d400000,0x000000076d400000)
  from space 13312K, 0% used [0x000000076e100000,0x000000076e100000,0x000000076ee00000)
  to   space 13312K, 0% used [0x000000076d400000,0x000000076d400000,0x000000076e100000)
 ParOldGen       total 79872K, used 22058K [0x00000006c0000000, 0x00000006c4e00000, 0x000000076ab00000)
  object space 79872K, 27% used [0x00000006c0000000,0x00000006c158a9f8,0x00000006c4e00000)
 Metaspace       used 36883K, capacity 39894K, committed 40152K, reserved 1083392K
  class space    used 4361K, capacity 5228K, committed 5336K, reserved 1048576K
Event: 4.471 GC heap after
Heap after GC invocations=9 (full 2):
 PSYoungGen      total 55296K, used 9470K [0x000000076ab00000, 0x000000076fc80000, 0x00000007c0000000)
  eden space 41984K, 0% used [0x000000076ab00000,0x000000076ab00000,0x000000076d400000)
  from space 13312K, 71% used [0x000000076d400000,0x000000076dd3fbc8,0x000000076e100000)
  to   space 13312K, 0% used [0x000000076ef80000,0x000000076ef80000,0x000000076fc80000)
 ParOldGen       total 79872K, used 22066K [0x00000006c0000000, 0x00000006c4e00000, 0x000000076ab00000)
  object space 79872K, 27% used [0x00000006c0000000,0x00000006c158c9f8,0x00000006c4e00000)
 Metaspace       used 36883K, capacity 39894K, committed 40152K, reserved 1083392K
  class space    used 4361K, capacity 5228K, committed 5336K, reserved 1048576K
}
Event: 8.601 GC heap before
{Heap before GC invocations=10 (full 2):
 PSYoungGen      total 55296K, used 51454K [0x000000076ab00000, 0x000000076fc80000, 0x00000007c0000000)
  eden space 41984K, 100% used [0x000000076ab00000,0x000000076d400000,0x000000076d400000)
  from space 13312K, 71% used [0x000000076d400000,0x000000076dd3fbc8,0x000000076e100000)
  to   space 13312K, 0% used [0x000000076ef80000,0x000000076ef80000,0x000000076fc80000)
 ParOldGen       total 79872K, used 22066K [0x00000006c0000000, 0x00000006c4e00000, 0x000000076ab00000)
  object space 79872K, 27% used [0x00000006c0000000,0x00000006c158c9f8,0x00000006c4e00000)
 Metaspace       used 44997K, capacity 48910K, committed 49240K, reserved 1091584K
  class space    used 5431K, capacity 6633K, committed 6744K, reserved 1048576K
Event: 8.623 GC heap after
Heap after GC invocations=10 (full 2):
 PSYoungGen      total 67072K, used 13305K [0x000000076ab00000, 0x0000000770100000, 0x00000007c0000000)
  eden space 53760K, 0% used [0x000000076ab00000,0x000000076ab00000,0x000000076df80000)
  from space 13312K, 99% used [0x000000076ef80000,0x000000076fc7e4a8,0x000000076fc80000)
  to   space 16384K, 0% used [0x000000076df80000,0x000000076df80000,0x000000076ef80000)
 ParOldGen       total 79872K, used 25074K [0x00000006c0000000, 0x00000006c4e00000, 0x000000076ab00000)
  object space 79872K, 31% used [0x00000006c0000000,0x00000006c187ca70,0x00000006c4e00000)
 Metaspace       used 44997K, capacity 48910K, committed 49240K, reserved 1091584K
  class space    used 5431K, capacity 6633K, committed 6744K, reserved 1048576K
}

