# JRE version: Java(TM) SE Runtime Environment (8.0_112-b15) (build 1.8.0_112-b15)
# Java VM: Java HotSpot(TM) 64-Bit Server VM (25.112-b15 mixed mode windows-amd64 compressed oops)
Heap:
 PSYoungGen      total 57856K, used 26021K [0x000000076ab00000, 0x000000076ff80000, 0x00000007c0000000)
  eden space 38912K, 28% used [0x000000076ab00000,0x000000076b5f37f8,0x000000076d100000)
  from space 18944K, 78% used [0x000000076d100000,0x000000076df75c50,0x000000076e380000)
  to   space 19968K, 0% used [0x000000076ec00000,0x000000076ec00000,0x000000076ff80000)
 ParOldGen       total 110592K, used 35239K [0x00000006c0000000, 0x00000006c6c00000, 0x000000076ab00000)
  object space 110592K, 31% used [0x00000006c0000000,0x00000006c2269ec0,0x00000006c6c00000)
 Metaspace       used 69358K, capacity 75776K, committed 75992K, reserved 1114112K
  class space    used 8676K, capacity 10647K, committed 10712K, reserved 1048576K
GC Heap History (10 events):
Event: 12.205 GC heap before
{Heap before GC invocations=14 (full 2):
 PSYoungGen      total 45056K, used 41814K [0x000000076ab00000, 0x000000076ef80000, 0x00000007c0000000)
  eden space 31232K, 89% used [0x000000076ab00000,0x000000076c65bd28,0x000000076c980000)
  from space 13824K, 99% used [0x000000076c980000,0x000000076d6f9c10,0x000000076d700000)
  to   space 16896K, 0% used [0x000000076df00000,0x000000076df00000,0x000000076ef80000)
 ParOldGen       total 72192K, used 22944K [0x00000006c0000000, 0x00000006c4680000, 0x000000076ab00000)
  object space 72192K, 31% used [0x00000006c0000000,0x00000006c1668240,0x00000006c4680000)
 Metaspace       used 54257K, capacity 58842K, committed 58968K, reserved 1099776K
  class space    used 6563K, capacity 7929K, committed 8024K, reserved 1048576K
Event: 12.232 GC heap after
Heap after GC invocations=14 (full 2):
 PSYoungGen      total 50176K, used 16869K [0x000000076ab00000, 0x000000076f680000, 0x00000007c0000000)
  eden space 33280K, 0% used [0x000000076ab00000,0x000000076ab00000,0x000000076cb80000)
  from space 16896K, 99% used [0x000000076df00000,0x000000076ef795b0,0x000000076ef80000)
  to   space 19968K, 0% used [0x000000076cb80000,0x000000076cb80000,0x000000076df00000)
 ParOldGen       total 72192K, used 26451K [0x00000006c0000000, 0x00000006c4680000, 0x000000076ab00000)
  object space 72192K, 36% used [0x00000006c0000000,0x00000006c19d4ec0,0x00000006c4680000)
 Metaspace       used 54257K, capacity 58842K, committed 58968K, reserved 1099776K
  class space    used 6563K, capacity 7929K, committed 8024K, reserved 1048576K
}
Event: 12.233 GC heap before
{Heap before GC invocations=15 (full 3):
 PSYoungGen      total 50176K, used 16869K [0x000000076ab00000, 0x000000076f680000, 0x00000007c0000000)
  eden space 33280K, 0% used [0x000000076ab00000,0x000000076ab00000,0x000000076cb80000)
  from space 16896K, 99% used [0x000000076df00000,0x000000076ef795b0,0x000000076ef80000)
  to   space 19968K, 0% used [0x000000076cb80000,0x000000076cb80000,0x000000076df00000)
 ParOldGen       total 72192K, used 26451K [0x00000006c0000000, 0x00000006c4680000, 0x000000076ab00000)
  object space 72192K, 36% used [0x00000006c0000000,0x00000006c19d4ec0,0x00000006c4680000)
 Metaspace       used 54257K, capacity 58842K, committed 58968K, reserved 1099776K
  class space    used 6563K, capacity 7929K, committed 8024K, reserved 1048576K
Event: 12.648 GC heap after
Heap after GC invocations=15 (full 3):
 PSYoungGen      total 50176K, used 0K [0x000000076ab00000, 0x000000076f680000, 0x00000007c0000000)
  eden space 33280K, 0% used [0x000000076ab00000,0x000000076ab00000,0x000000076cb80000)
  from space 16896K, 0% used [0x000000076df00000,0x000000076df00000,0x000000076ef80000)
  to   space 19968K, 0% used [0x000000076cb80000,0x000000076cb80000,0x000000076df00000)
 ParOldGen       total 110592K, used 35215K [0x00000006c0000000, 0x00000006c6c00000, 0x000000076ab00000)
  object space 110592K, 31% used [0x00000006c0000000,0x00000006c2263ec0,0x00000006c6c00000)
 Metaspace       used 54257K, capacity 58842K, committed 58968K, reserved 1099776K
  class space    used 6563K, capacity 7929K, committed 8024K, reserved 1048576K
}
Event: 14.496 GC heap before
{Heap before GC invocations=16 (full 3):
 PSYoungGen      total 50176K, used 33233K [0x000000076ab00000, 0x000000076f680000, 0x00000007c0000000)
  eden space 33280K, 99% used [0x000000076ab00000,0x000000076cb745e0,0x000000076cb80000)
  from space 16896K, 0% used [0x000000076df00000,0x000000076df00000,0x000000076ef80000)
  to   space 19968K, 0% used [0x000000076cb80000,0x000000076cb80000,0x000000076df00000)
 ParOldGen       total 110592K, used 35215K [0x00000006c0000000, 0x00000006c6c00000, 0x000000076ab00000)
  object space 110592K, 31% used [0x00000006c0000000,0x00000006c2263ec0,0x00000006c6c00000)
 Metaspace       used 61993K, capacity 66706K, committed 66776K, reserved 1107968K
  class space    used 7668K, capacity 9116K, committed 9176K, reserved 1048576K
Event: 14.506 GC heap after
Heap after GC invocations=16 (full 3):
 PSYoungGen      total 53248K, used 9424K [0x000000076ab00000, 0x000000076f680000, 0x00000007c0000000)
  eden space 33280K, 0% used [0x000000076ab00000,0x000000076ab00000,0x000000076cb80000)
  from space 19968K, 47% used [0x000000076cb80000,0x000000076d4b4370,0x000000076df00000)
  to   space 19456K, 0% used [0x000000076e380000,0x000000076e380000,0x000000076f680000)
 ParOldGen       total 110592K, used 35223K [0x00000006c0000000, 0x00000006c6c00000, 0x000000076ab00000)
  object space 110592K, 31% used [0x00000006c0000000,0x00000006c2265ec0,0x00000006c6c00000)
 Metaspace       used 61993K, capacity 66706K, committed 66776K, reserved 1107968K
  class space    used 7668K, capacity 9116K, committed 9176K, reserved 1048576K
}
Event: 14.739 GC heap before
{Heap before GC invocations=17 (full 3):
 PSYoungGen      total 53248K, used 42704K [0x000000076ab00000, 0x000000076f680000, 0x00000007c0000000)
  eden space 33280K, 100% used [0x000000076ab00000,0x000000076cb80000,0x000000076cb80000)
  from space 19968K, 47% used [0x000000076cb80000,0x000000076d4b4370,0x000000076df00000)
  to   space 19456K, 0% used [0x000000076e380000,0x000000076e380000,0x000000076f680000)
 ParOldGen       total 110592K, used 35223K [0x00000006c0000000, 0x00000006c6c00000, 0x000000076ab00000)
  object space 110592K, 31% used [0x00000006c0000000,0x00000006c2265ec0,0x00000006c6c00000)
 Metaspace       used 62537K, capacity 67262K, committed 67416K, reserved 1107968K
  class space    used 7759K, capacity 9214K, committed 9304K, reserved 1048576K
Event: 14.754 GC heap after
Heap after GC invocations=17 (full 3):
 PSYoungGen      total 58368K, used 7467K [0x000000076ab00000, 0x000000076f800000, 0x00000007c0000000)
  eden space 38912K, 0% used [0x000000076ab00000,0x000000076ab00000,0x000000076d100000)
  from space 19456K, 38% used [0x000000076e380000,0x000000076eacaf70,0x000000076f680000)
  to   space 18944K, 0% used [0x000000076d100000,0x000000076d100000,0x000000076e380000)
 ParOldGen       total 110592K, used 35231K [0x00000006c0000000, 0x00000006c6c00000, 0x000000076ab00000)
  object space 110592K, 31% used [0x00000006c0000000,0x00000006c2267ec0,0x00000006c6c00000)
 Metaspace       used 62537K, capacity 67262K, committed 67416K, reserved 1107968K
  class space    used 7759K, capacity 9214K, committed 9304K, reserved 1048576K
}
Event: 17.639 GC heap before
{Heap before GC invocations=18 (full 3):
 PSYoungGen      total 58368K, used 46379K [0x000000076ab00000, 0x000000076f800000, 0x00000007c0000000)
  eden space 38912K, 100% used [0x000000076ab00000,0x000000076d100000,0x000000076d100000)
  from space 19456K, 38% used [0x000000076e380000,0x000000076eacaf70,0x000000076f680000)
  to   space 18944K, 0% used [0x000000076d100000,0x000000076d100000,0x000000076e380000)
 ParOldGen       total 110592K, used 35231K [0x00000006c0000000, 0x00000006c6c00000, 0x000000076ab00000)
  object space 110592K, 31% used [0x00000006c0000000,0x00000006c2267ec0,0x00000006c6c00000)
 Metaspace       used 66844K, capacity 72954K, committed 73304K, reserved 1112064K
  class space    used 8306K, capacity 10227K, committed 10328K, reserved 1048576K
Event: 17.658 GC heap after
Heap after GC invocations=18 (full 3):
 PSYoungGen      total 57856K, used 14807K [0x000000076ab00000, 0x000000076ff80000, 0x00000007c0000000)
  eden space 38912K, 0% used [0x000000076ab00000,0x000000076ab00000,0x000000076d100000)
  from space 18944K, 78% used [0x000000076d100000,0x000000076df75c50,0x000000076e380000)
  to   space 19968K, 0% used [0x000000076ec00000,0x000000076ec00000,0x000000076ff80000)
 ParOldGen       total 110592K, used 35239K [0x00000006c0000000, 0x00000006c6c00000, 0x000000076ab00000)
  object space 110592K, 31% used [0x00000006c0000000,0x00000006c2269ec0,0x00000006c6c00000)
 Metaspace       used 66844K, capacity 72954K, committed 73304K, reserved 1112064K
  class space    used 8306K, capacity 10227K, committed 10328K, reserved 1048576K
}

