# JRE version: Java(TM) SE Runtime Environment (8.0_112-b15) (build 1.8.0_112-b15)
# Java VM: Java HotSpot(TM) 64-Bit Server VM (25.112-b15 mixed mode windows-amd64 compressed oops)
Heap:
 PSYoungGen      total 79872K, used 42889K [0x000000076ab00000, 0x0000000770e00000, 0x00000007c0000000)
  eden space 59392K, 51% used [0x000000076ab00000,0x000000076c8bbe90,0x000000076e500000)
  from space 20480K, 60% used [0x000000076fa00000,0x00000007706268d0,0x0000000770e00000)
  to   space 20992K, 0% used [0x000000076e500000,0x000000076e500000,0x000000076f980000)
 ParOldGen       total 120320K, used 38313K [0x00000006c0000000, 0x00000006c7580000, 0x000000076ab00000)
  object space 120320K, 31% used [0x00000006c0000000,0x00000006c256a7f8,0x00000006c7580000)
 Metaspace       used 62605K, capacity 67450K, committed 67672K, reserved 1107968K
  class space    used 7761K, capacity 9214K, committed 9304K, reserved 1048576K
GC Heap History (10 events):
Event: 4.322 GC heap before
{Heap before GC invocations=9 (full 2):
 PSYoungGen      total 55808K, used 42496K [0x000000076ab00000, 0x000000076f080000, 0x00000007c0000000)
  eden space 42496K, 100% used [0x000000076ab00000,0x000000076d480000,0x000000076d480000)
  from space 13312K, 0% used [0x000000076e100000,0x000000076e100000,0x000000076ee00000)
  to   space 12800K, 0% used [0x000000076d480000,0x000000076d480000,0x000000076e100000)
 ParOldGen       total 84992K, used 25331K [0x00000006c0000000, 0x00000006c5300000, 0x000000076ab00000)
  object space 84992K, 29% used [0x00000006c0000000,0x00000006c18bcd98,0x00000006c5300000)
 Metaspace       used 37307K, capacity 40386K, committed 40408K, reserved 1085440K
  class space    used 4423K, capacity 5332K, committed 5336K, reserved 1048576K
Event: 4.341 GC heap after
Heap after GC invocations=9 (full 2):
 PSYoungGen      total 55296K, used 9870K [0x000000076ab00000, 0x000000076fb00000, 0x00000007c0000000)
  eden space 42496K, 0% used [0x000000076ab00000,0x000000076ab00000,0x000000076d480000)
  from space 12800K, 77% used [0x000000076d480000,0x000000076de23918,0x000000076e100000)
  to   space 13312K, 0% used [0x000000076ee00000,0x000000076ee00000,0x000000076fb00000)
 ParOldGen       total 84992K, used 25339K [0x00000006c0000000, 0x00000006c5300000, 0x000000076ab00000)
  object space 84992K, 29% used [0x00000006c0000000,0x00000006c18bed98,0x00000006c5300000)
 Metaspace       used 37307K, capacity 40386K, committed 40408K, reserved 1085440K
  class space    used 4423K, capacity 5332K, committed 5336K, reserved 1048576K
}
Event: 7.481 GC heap before
{Heap before GC invocations=10 (full 2):
 PSYoungGen      total 55296K, used 52366K [0x000000076ab00000, 0x000000076fb00000, 0x00000007c0000000)
  eden space 42496K, 100% used [0x000000076ab00000,0x000000076d480000,0x000000076d480000)
  from space 12800K, 77% used [0x000000076d480000,0x000000076de23918,0x000000076e100000)
  to   space 13312K, 0% used [0x000000076ee00000,0x000000076ee00000,0x000000076fb00000)
 ParOldGen       total 84992K, used 25339K [0x00000006c0000000, 0x00000006c5300000, 0x000000076ab00000)
  object space 84992K, 29% used [0x00000006c0000000,0x00000006c18bed98,0x00000006c5300000)
 Metaspace       used 45109K, capacity 48940K, committed 49112K, reserved 1091584K
  class space    used 5435K, capacity 6603K, committed 6616K, reserved 1048576K
Event: 7.507 GC heap after
Heap after GC invocations=10 (full 2):
 PSYoungGen      total 65536K, used 13281K [0x000000076ab00000, 0x000000076ff80000, 0x00000007c0000000)
  eden space 52224K, 0% used [0x000000076ab00000,0x000000076ab00000,0x000000076de00000)
  from space 13312K, 99% used [0x000000076ee00000,0x000000076faf8490,0x000000076fb00000)
  to   space 16384K, 0% used [0x000000076de00000,0x000000076de00000,0x000000076ee00000)
 ParOldGen       total 84992K, used 28203K [0x00000006c0000000, 0x00000006c5300000, 0x000000076ab00000)
  object space 84992K, 33% used [0x00000006c0000000,0x00000006c1b8aef8,0x00000006c5300000)
 Metaspace       used 45109K, capacity 48940K, committed 49112K, reserved 1091584K
  class space    used 5435K, capacity 6603K, committed 6616K, reserved 1048576K
}
Event: 10.170 GC heap before
{Heap before GC invocations=11 (full 2):
 PSYoungGen      total 65536K, used 65476K [0x000000076ab00000, 0x000000076ff80000, 0x00000007c0000000)
  eden space 52224K, 99% used [0x000000076ab00000,0x000000076ddf8db8,0x000000076de00000)
  from space 13312K, 99% used [0x000000076ee00000,0x000000076faf8490,0x000000076fb00000)
  to   space 16384K, 0% used [0x000000076de00000,0x000000076de00000,0x000000076ee00000)
 ParOldGen       total 84992K, used 28203K [0x00000006c0000000, 0x00000006c5300000, 0x000000076ab00000)
  object space 84992K, 33% used [0x00000006c0000000,0x00000006c1b8aef8,0x00000006c5300000)
 Metaspace       used 54202K, capacity 58838K, committed 58968K, reserved 1099776K
  class space    used 6555K, capacity 7929K, committed 8024K, reserved 1048576K
Event: 10.195 GC heap after
Heap after GC invocations=11 (full 2):
 PSYoungGen      total 68608K, used 16354K [0x000000076ab00000, 0x0000000770e80000, 0x00000007c0000000)
  eden space 52224K, 0% used [0x000000076ab00000,0x000000076ab00000,0x000000076de00000)
  from space 16384K, 99% used [0x000000076de00000,0x000000076edf8af0,0x000000076ee00000)
  to   space 20992K, 0% used [0x000000076fa00000,0x000000076fa00000,0x0000000770e80000)
 ParOldGen       total 84992K, used 35240K [0x00000006c0000000, 0x00000006c5300000, 0x000000076ab00000)
  object space 84992K, 41% used [0x00000006c0000000,0x00000006c226a210,0x00000006c5300000)
 Metaspace       used 54202K, capacity 58838K, committed 58968K, reserved 1099776K
  class space    used 6555K, capacity 7929K, committed 8024K, reserved 1048576K
}
Event: 10.195 GC heap before
{Heap before GC invocations=12 (full 3):
 PSYoungGen      total 68608K, used 16354K [0x000000076ab00000, 0x0000000770e80000, 0x00000007c0000000)
  eden space 52224K, 0% used [0x000000076ab00000,0x000000076ab00000,0x000000076de00000)
  from space 16384K, 99% used [0x000000076de00000,0x000000076edf8af0,0x000000076ee00000)
  to   space 20992K, 0% used [0x000000076fa00000,0x000000076fa00000,0x0000000770e80000)
 ParOldGen       total 84992K, used 35240K [0x00000006c0000000, 0x00000006c5300000, 0x000000076ab00000)
  object space 84992K, 41% used [0x00000006c0000000,0x00000006c226a210,0x00000006c5300000)
 Metaspace       used 54202K, capacity 58838K, committed 58968K, reserved 1099776K
  class space    used 6555K, capacity 7929K, committed 8024K, reserved 1048576K
Event: 10.575 GC heap after
Heap after GC invocations=12 (full 3):
 PSYoungGen      total 68608K, used 0K [0x000000076ab00000, 0x0000000770e80000, 0x00000007c0000000)
  eden space 52224K, 0% used [0x000000076ab00000,0x000000076ab00000,0x000000076de00000)
  from space 16384K, 0% used [0x000000076de00000,0x000000076de00000,0x000000076ee00000)
  to   space 20992K, 0% used [0x000000076fa00000,0x000000076fa00000,0x0000000770e80000)
 ParOldGen       total 120320K, used 38305K [0x00000006c0000000, 0x00000006c7580000, 0x000000076ab00000)
  object space 120320K, 31% used [0x00000006c0000000,0x00000006c25687f8,0x00000006c7580000)
 Metaspace       used 54202K, capacity 58838K, committed 58968K, reserved 1099776K
  class space    used 6555K, capacity 7929K, committed 8024K, reserved 1048576K
}
Event: 12.400 GC heap before
{Heap before GC invocations=13 (full 3):
 PSYoungGen      total 68608K, used 52224K [0x000000076ab00000, 0x0000000770e80000, 0x00000007c0000000)
  eden space 52224K, 100% used [0x000000076ab00000,0x000000076de00000,0x000000076de00000)
  from space 16384K, 0% used [0x000000076de00000,0x000000076de00000,0x000000076ee00000)
  to   space 20992K, 0% used [0x000000076fa00000,0x000000076fa00000,0x0000000770e80000)
 ParOldGen       total 120320K, used 38305K [0x00000006c0000000, 0x00000006c7580000, 0x000000076ab00000)
  object space 120320K, 31% used [0x00000006c0000000,0x00000006c25687f8,0x00000006c7580000)
 Metaspace       used 62475K, capacity 67322K, committed 67416K, reserved 1107968K
  class space    used 7750K, capacity 9214K, committed 9304K, reserved 1048576K
Event: 12.420 GC heap after
Heap after GC invocations=13 (full 3):
 PSYoungGen      total 79872K, used 12442K [0x000000076ab00000, 0x0000000770e00000, 0x00000007c0000000)
  eden space 59392K, 0% used [0x000000076ab00000,0x000000076ab00000,0x000000076e500000)
  from space 20480K, 60% used [0x000000076fa00000,0x00000007706268d0,0x0000000770e00000)
  to   space 20992K, 0% used [0x000000076e500000,0x000000076e500000,0x000000076f980000)
 ParOldGen       total 120320K, used 38313K [0x00000006c0000000, 0x00000006c7580000, 0x000000076ab00000)
  object space 120320K, 31% used [0x00000006c0000000,0x00000006c256a7f8,0x00000006c7580000)
 Metaspace       used 62475K, capacity 67322K, committed 67416K, reserved 1107968K
  class space    used 7750K, capacity 9214K, committed 9304K, reserved 1048576K
}

